2020-07-13 21:00:30,507 Requests DEBUG 发送post请求 
2020-07-13 21:00:31,826 Requests DEBUG 发送get请求 
2020-07-13 21:00:52,195 C:\Users\Administrator\PycharmProjects\InterAutoTest\utils\LogUtil.py DEBUG 数据库查询结果：{'id': 1, 'username': 'python', 'mobile': '17701397029', 'email': '952673638@qq.com'} 
2020-07-13 21:03:39,859 Requests DEBUG 发送post请求 
2020-07-13 21:03:41,078 Requests DEBUG 发送post请求 
2020-07-13 21:03:42,031 Requests DEBUG 发送post请求 
2020-07-13 21:03:42,203 Requests DEBUG 发送post请求 
2020-07-13 21:03:42,266 AssertUtil ERROR body error,body is "{'non_field_errors': ['\u65e0\u6548\u6570\u636e\u3002\u671f\u5f85\u4e3a\u5b57\u5178\u7c7b\u578b\uff0c\u5f97\u5230\u7684\u662f str \u3002']}",expected_body is 无效数据。期待为字典类型 
2020-07-13 21:03:42,719 Requests DEBUG 发送post请求 
2020-07-13 21:03:42,781 AssertUtil ERROR body error,body is "{'username': ['\u8be5\u5b57\u6bb5\u4e0d\u80fd\u4e3a\u7a7a\u3002']}",expected_body is username': ['该字段不能为空。'] 
2020-07-13 21:03:42,828 Requests DEBUG 发送post请求 
2020-07-13 21:03:42,906 AssertUtil ERROR body error,body is "{'username': ['\u8be5\u5b57\u6bb5\u4e0d\u80fd\u4e3a\u7a7a\u3002'], 'password': ['\u8be5\u5b57\u6bb5\u4e0d\u80fd\u4e3a\u7a7a\u3002']}",expected_body is password': ['该字段不能为空。'] 
2020-07-13 21:03:42,984 Requests DEBUG 发送post请求 
2020-07-13 21:03:43,280 AssertUtil ERROR body error,body is "{'username': 'python', 'user_id': 1, 'token': 'eyJ0eXAiOiJKV1QiLCJhbGciOiJIUzI1NiJ9.eyJleHAiOjE1OTQ3MzEzMDUsInVzZXJuYW1lIjoicHl0aG9uIiwiZW1haWwiOiI5NTI2NzM2MzhAcXEuY29tIiwidXNlcl9pZCI6MX0.oqvw_yX7uuIvuE1Q3Rdjez3syqKzrX2DCQqOjofv1Gk'}",expected_body is user_id': 1, 'username': 'python' 
2020-07-13 21:03:43,327 Requests DEBUG 发送post请求 
2020-07-13 21:03:43,655 AssertUtil ERROR body error,body is "{'non_field_errors': ['\u65e0\u6cd5\u4f7f\u7528\u63d0\u4f9b\u7684\u8ba4\u8bc1\u4fe1\u606f\u767b\u5f55\u3002']}",expected_body is 无法使用提供的认证信息登录 
2020-07-13 21:03:43,702 Requests DEBUG 发送get请求 
2020-07-13 21:03:43,764 AssertUtil ERROR body error,body is "{'detail': '\u8eab\u4efd\u8ba4\u8bc1\u4fe1\u606f\u672a\u63d0\u4f9b\u3002'}",expected_body is 身份认证信息未提供 
2020-07-13 21:03:43,827 Requests DEBUG 发送post请求 
2020-07-13 21:03:44,170 Requests DEBUG 发送get请求 
2020-07-13 21:03:44,420 C:\Users\Administrator\PycharmProjects\InterAutoTest\utils\LogUtil.py DEBUG 数据库查询结果：{'id': 1, 'username': 'python', 'mobile': '17701397029', 'email': '952673638@qq.com'} 
2020-07-13 21:03:44,436 Requests DEBUG 发送get请求 
2020-07-13 21:03:44,936 Requests DEBUG 发送post请求 
2020-07-13 21:03:45,608 Requests DEBUG 发送post请求 
2020-07-13 21:03:46,217 Requests DEBUG 发送post请求 
2020-07-13 21:03:47,405 Requests DEBUG 发送post请求 
2020-07-13 21:08:01,868 Requests DEBUG 发送post请求 
2020-07-13 21:08:03,649 Requests DEBUG 发送post请求 
2020-07-13 21:08:04,665 Requests DEBUG 发送post请求 
2020-07-13 21:08:04,899 Requests DEBUG 发送post请求 
2020-07-13 21:08:05,009 AssertUtil ERROR body error,body is "{'non_field_errors': ['\u65e0\u6548\u6570\u636e\u3002\u671f\u5f85\u4e3a\u5b57\u5178\u7c7b\u578b\uff0c\u5f97\u5230\u7684\u662f str \u3002']}",expected_body is 无效数据。期待为字典类型 
2020-07-13 21:08:05,556 Requests DEBUG 发送post请求 
2020-07-13 21:08:05,602 AssertUtil ERROR body error,body is "{'username': ['\u8be5\u5b57\u6bb5\u4e0d\u80fd\u4e3a\u7a7a\u3002']}",expected_body is username': ['该字段不能为空。'] 
2020-07-13 21:08:05,649 Requests DEBUG 发送post请求 
2020-07-13 21:08:05,737 AssertUtil ERROR body error,body is "{'username': ['\u8be5\u5b57\u6bb5\u4e0d\u80fd\u4e3a\u7a7a\u3002'], 'password': ['\u8be5\u5b57\u6bb5\u4e0d\u80fd\u4e3a\u7a7a\u3002']}",expected_body is password': ['该字段不能为空。'] 
2020-07-13 21:08:05,774 Requests DEBUG 发送post请求 
2020-07-13 21:08:06,524 AssertUtil ERROR body error,body is "{'username': 'python', 'user_id': 1, 'token': 'eyJ0eXAiOiJKV1QiLCJhbGciOiJIUzI1NiJ9.eyJleHAiOjE1OTQ3MzE1NjgsInVzZXJuYW1lIjoicHl0aG9uIiwiZW1haWwiOiI5NTI2NzM2MzhAcXEuY29tIiwidXNlcl9pZCI6MX0.7jtK1mFQBM01HOpgJHbBfCqmrTUtznakbPIrZcUp1sU'}",expected_body is user_id': 1, 'username': 'python' 
2020-07-13 21:08:06,602 Requests DEBUG 发送post请求 
2020-07-13 21:08:07,696 AssertUtil ERROR body error,body is "{'non_field_errors': ['\u65e0\u6cd5\u4f7f\u7528\u63d0\u4f9b\u7684\u8ba4\u8bc1\u4fe1\u606f\u767b\u5f55\u3002']}",expected_body is 无法使用提供的认证信息登录 
2020-07-13 21:08:07,743 Requests DEBUG 发送get请求 
2020-07-13 21:08:07,806 AssertUtil ERROR body error,body is "{'detail': '\u8eab\u4efd\u8ba4\u8bc1\u4fe1\u606f\u672a\u63d0\u4f9b\u3002'}",expected_body is 身份认证信息未提供 
2020-07-13 21:08:07,852 Requests DEBUG 发送post请求 
2020-07-13 21:08:08,790 Requests DEBUG 发送get请求 
2020-07-13 21:08:09,134 C:\Users\Administrator\PycharmProjects\InterAutoTest\utils\LogUtil.py DEBUG 数据库查询结果：{'id': 1, 'username': 'python', 'mobile': '17701397029', 'email': '952673638@qq.com'} 
2020-07-13 21:08:09,149 Requests DEBUG 发送get请求 
2020-07-13 21:08:09,665 Requests DEBUG 发送post请求 
2020-07-13 21:08:10,227 Requests DEBUG 发送post请求 
2020-07-13 21:08:10,748 Requests DEBUG 发送post请求 
2020-07-13 21:08:11,882 Requests DEBUG 发送post请求 
